Gran via
gran via
Principe pio
principe pio
Sol
sol
Atocha
atocha
Plaza de España
plaza de españa
Plaza de españa
plaza de España
Plaza de espania
plaza de espania
Plaza de espana
plaza de espana
casa de campo
Casa de Campo
cibeles
Cibeles
neptuno
Neptuno
madrid río
madrid rio
Castellana
castellana
calderón
Calderon
Bernabeu
bernabeu
Bernabéu
bernabéu
ciu
fdi
CIU
FDI
moncloa
Moncloa
cuatro caminos
cuatroca
Cuatro Caminos
Guzman el bueno
metropolitano
Guzman el Bueno
Metropolitano
palacio de hielo
Palacio de hielo
palacio de Hielo
Palacio de Hielo
ciudad universitaria
Ciudad universitaria
ciudad Universitaria
Ciudad Universitaria
callao
Callao
opera
Opera
ópera
Ópera