Bacon
bacon
bacón
Pollo
pollo
Ternera
ternera
Bacon crispy
bacon crispy
bacon crujiente
Jamón serrano
jamon serrano
jamón serrano
champiñon
Champiñón
champiñones
champis
Topping a base de mozzarella
topping de mozzarella
Queso cheddar
queso cheddar
queso chedar
Queso emmental
queso emental
queso emmental
Queso edam
queso edam
Queso provolone
queso provolone
Queso azul
queso azul
York
york
Piña
piña
Tomate natural
tomate natural
tomate
Tomate confitado
tomate confitado
Orégano
oregano
cebolla
Cebolla fresca
cebolla fresca
KitKat
kitkat
kit kat
Kit Kat
Crema de cacao y avellanas
crema de cacao y avellanas
nocilla