ABADOL
ABANTO
ABEJARRUCA
ABEJARRUCO
ABERRACION
ABERRACIÓN
ABERRANTE
ABLANDA BREVAS
ABOLLAO
ABORTO
ABRAZAFAROLAS
ABRILLANTAGLANDES
ABULTO
ADUFE
ADÁN
AFILASABLES
AGUAFIESTAS
ALACRÁN
ALCACHOFO
ALCORNOKE
ALCORNOQUE
ALELA
ALELADA
ALELADO
ALELAO
ALFEÑIQUE
ALICATE
ALIMAÑA
ALMOJONAO
ALMORRANA
ALOBAO
ALSARRABO
AMBERCOCAT
AMOCHAO
AMORFO
ANACOLUTO
ANALFABESTIA
ANDURRIASMO
ANIMAL DE ACEQUIA
ANORMAL
ANTANCANCIAO
APOLLARDAO
APOLLARDAR
ARAGÁN
ARRACACHO
ARRASTRACUEROS
ARRASTRAMANTAS
ARRASTRAZAPATILLAS
ARREPLEGAT
ARROLLAPASTO
ARTABÁN
ARTOSOPAS
ASALTA ASILOS
ASALTACUNAS
ASALTAPOZOS
ASE ASSOLELLAT
ASPAMAO
ASUSTATRENES
ATARRE
ATONTA
ATONTADA
ATONTADO
ATONTAO
ATROPLELLA PLATOS
Abadol
Abanto
Abejarruca
Abejarruco
Aberracion
Aberración
Aberrante
Ablanda brevas
Abollao
Aborto
Abrazafarolas
Abrillantaglandes
Abulto
Adufe
Adán
Afilasables
Aguafiestas
Alacrán
Alcachofo
Alcornoke
Alcornoque
Alela
Alelada
Alelado
Alelao
Alfeñique
Alicate
Alimaña
Almojonao
Almorrana
Alobao
Alsarrabo
Ambercocat
Amochao
Amorfo
Anacoluto
Analfabestia
Andurriasmo
Animal de acequia
Anormal
Antancanciao
Apollardao
Apollardar
Aragán
Arracacho
Arrastracueros
Arrastramantas
Arrastrazapatillas
Arreplegat
Arrollapasto
Artabán
Artosopas
Asalta asilos
Asaltacunas
Asaltapozos
Ase assolellat
Aspamao
Asustatrenes
Atarre
Atonta
Atontada
Atontado
Atontao
Atroplella platos
BABALLO
BABAU
BABOSO
BACIN
BACTERIO
BADANAS
BAILABAINAS
BAILAFERIAS
BAJOCA
BAMBOL
BANDARRA
BARJAULA
BARRABÁS
BARRIOBAJERO
BASTARDA
BASTARDO
BEBECHARCOS
BEBESINSED
BELLACO
BELLOTO
BERGANTE
BERZOTAS
BESUGO
BETZOL
BIGARDO
BIGOTEZORRA
BIRUTA
BLEDA
BOBA
BOBALICÓN
BOBO
BOBOLAVERGA
BOBOMIERDA
BOBORREMOTO
BOCABUZÓN
BOCACHANCLA
BOCACHOCHO
BOCAFIEMO
BOCALLANTA
BOIANO
BOLASCOMBRO
BOLUDO
BOQUIMUELLE
BORDEGÀS
BORINOT
BORRACHA
BORRACHO
BORRICO
BOSSES TRISTES
BOSUSO
BOTABANCALS
BOTARATE
BOÑIGA
BRASAS
BRINCACEPAS
BRÈTOL
BUFAVIDRES
BUJARRA
BUJARRON
BUJARRÓN
BULEBULE
BURRERAS
BURRO DE SET SOLES
BURXA ORELLES
BUSAGRE
BUSCABREGUES
BUTARUT
BUTRILL
BUZEFALO
Baballo
Babau
Baboso
Bacin
Bacterio
Badanas
Bailabainas
Bailaferias
Bajoca
Bambol
Bandarra
Barjaula
Barrabás
Barriobajero
Bastarda
Bastardo
Bebecharcos
Bebesinsed
Bellaco
Belloto
Bergante
Berzotas
Besugo
Betzol
Bigardo
Bigotezorra
Biruta
Bleda
Boba
Bobalicón
Bobo
Bobolaverga
Bobomierda
Boborremoto
Bocabuzón
Bocachancla
Bocachocho
Bocafiemo
Bocallanta
Boiano
Bolascombro
Boludo
Boquimuelle
Bordegàs
Borinot
Borracha
Borracho
Borrico
Bosses tristes
Bosuso
Botabancals
Botarate
Boñiga
Brasas
Brincacepas
Brètol
Bufavidres
Bujarra
Bujarron
Bujarrón
Bulebule
Burreras
Burro de set soles
Burxa orelles
Busagre
Buscabregues
Butarut
Butrill
Buzefalo
CABESTRO
CABEZA ALBERCA
CABEZA DE CHORLITO
CABEZAALBERCA
CABEZABUQUE
CABEZAKIKO
CABEZALPACA
CABEZANTORCHA
CABEZARRUCHO
CABEZON
CABEZÓN
CABRON
CABRONA
CABRONAZO
CABRÓN
CACHIBACHE
CACHO MIERDA
CACHOMIERDA
CADE DE FAVA
CAFRE
CAGA BANDURRIAS
CAGABLANDO
CAGADUBTES
CAGAESTACAS
CAGALINDES
CAGAMANDURRIES
CAGAMANDÚRRIES
CAGANIO
CAGAPOC
CAGAPORTALES
CAGARRO
CAGARRUTA
CAGARRUTAS
CAGUIÑAS
CAHARRÁN
CALAMBUCO
CALAMIDAD
CALDÚO
CALENTURAS
CALIENTAHIELOS
CALVO
CALZAMONAS
CALZONAZOS
CAMANDULEIRO
CAMASTRON
CANALLA
CANDONGA
CANSA ALMAS
CANSALIEBRES
CANSALMAS
CANSINA
CANSINO
CANTAMAÑANAS
CAP D'ASE
CAP DE FAVA
CAP DE POLLA
CAP DE RUC
CAP DE SURO
CAPAT MENTAL
CAPDEPESOL
CAPDETRONS
CAPILLITA
CAPSIGRANY
CAPSOT
CAPULLA
CAPULLO
CAPUYO
CARA DE CONA
CARABASSA
CARACABALLO
CARACABELLO
CARACANDAO
CARACARTÓN
CARACHANCLA
CARACOÑO
CARACUL
CARACULO
CARAESPATULA
CARAESTACA
CARAESTUFA
CARAFLEMA
CARAHOGAZA
CARAJAULA
CARAJOTE
CARALLOT
CARAMIERDA
CARAMIRLO
CARANABO
CARANTIGUA
CARAPAN
CARAPAPA
CARAPENA
CARAPERRO
CARAPIJO
CARAPOLLA
CARAPUTA
CARASAPO
CARASUELA
CARATAPENA
CARDAT DEL CAP
CARNUZ
CASCAVALERO
CASTROJA
CATETO
CAVALLOT
CAXOMIERDA
CAZURRA
CAZURRO
CEBOLLINO
CENIZO
CENUTRIO
CEPORRO
CERCHO
CERCOPITECO
CERILLITA
CERNÍCALO
CERO A LA IZQUIERDA
CHAFACHARCOS
CHAFALOTODO
CHALADA
CHALADO
CHALAO
CHAMBA NA CONA
CHANFLAMEJA
CHARRÁN
CHAVACANA
CHAVACANO
CHAVEA
CHEO DE MOSCAS
CHICHON
CHIMPA
CHIMPAJOSÉ
CHIMPAMONAS
CHIMPIN
CHINGADA
CHIQUILICUATRE
CHIRIMBAINA
CHORLITO
CHOSCO
CHUPACABLES
CHUPACHARCOS
CHUPAESCROTOS
CHUPAMELA
CHUPAMINGAS
CHUPASANGRE
CHUPATINTAS
CHUPÓPTERO
CHUSMÓN
CIERRABARES
CIERVO
CIMBORRIO
CIPOTE
COBACHERO
COBARDE
COENTRAO
COIX DE CERVELL
COLLA DE FEIXISTES
COLLO
COLLONERA
COMEBOLSAS
COMECHAPAS
COMEFLORES
COMEMIERDA
COMEMIERDAS
COMEMOCOS
COMEPOLLAS
COMEPREPUCIOS
COMERREGLAS
COMESTACAS
CONACHO
CORGAO
CORNUDO
CORREVEIDILE
COÑO
CRETINA
CRETINO
CROLLO
CUERDALPACA
CUERPOESCOMBRO
CUI DE CARONGE
CULO
CULO PANADERA
CULOALBERCA
CULOPOLLO
CULOTRAPO
CURMACO
Cabestro
Cabeza alberca
Cabeza de chorlito
Cabezaalberca
Cabezabuque
Cabezakiko
Cabezalpaca
Cabezantorcha
Cabezarrucho
Cabezon
Cabezón
Cabron
Cabrona
Cabronazo
Cabrón
Cachibache
Cacho mierda
Cachomierda
Cade de fava
Cafre
Caga bandurrias
Cagablando
Cagadubtes
Cagaestacas
Cagalindes
Cagamandurries
Cagamandúrries
Caganio
Cagapoc
Cagaportales
Cagarro
Cagarruta
Cagarrutas
Caguiñas
Caharrán
Calambuco
Calamidad
Caldúo
Calenturas
Calientahielos
Calvo
Calzamonas
Calzonazos
Camanduleiro
Camastron
Canalla
Candonga
Cansa almas
Cansaliebres
Cansalmas
Cansina
Cansino
Cantamañanas
Cap d'ase
Cap de fava
Cap de polla
Cap de ruc
Cap de suro
Capat mental
Capdepesol
Capdetrons
Capillita
Capsigrany
Capsot
Capulla
Capullo
Capuyo
Cara de cona
Carabassa
Caracaballo
Caracabello
Caracandao
Caracartón
Carachancla
Caracoño
Caracul
Caraculo
Caraespatula
Caraestaca
Caraestufa
Caraflema
Carahogaza
Carajaula
Carajote
Carallot
Caramierda
Caramirlo
Caranabo
Carantigua
Carapan
Carapapa
Carapena
Caraperro
Carapijo
Carapolla
Caraputa
Carasapo
Carasuela
Caratapena
Cardat del cap
Carnuz
Cascavalero
Castroja
Cateto
Cavallot
Caxomierda
Cazurra
Cazurro
Cebollino
Cenizo
Cenutrio
Ceporro
Cercho
Cercopiteco
Cerillita
Cernícalo
Cero a la izquierda
Chafacharcos
Chafalotodo
Chalada
Chalado
Chalao
Chamba na cona
Chanflameja
Charrán
Chavacana
Chavacano
Chavea
Cheo de moscas
Chichon
Chimpa
Chimpajosé
Chimpamonas
Chimpin
Chingada
Chiquilicuatre
Chirimbaina
Chorlito
Chosco
Chupacables
Chupacharcos
Chupaescrotos
Chupamela
Chupamingas
Chupasangre
Chupatintas
Chupóptero
Chusmón
Cierrabares
Ciervo
Cimborrio
Cipote
Cobachero
Cobarde
Coentrao
Coix de cervell
Colla de feixistes
Collo
Collonera
Comebolsas
Comechapas
Comeflores
Comemierda
Comemierdas
Comemocos
Comepollas
Comeprepucios
Comerreglas
Comestacas
Conacho
Corgao
Cornudo
Correveidile
Cretina
Cretino
Crollo
Cuerdalpaca
Cuerpoescombro
Cui de caronge
Culo panadera
Culoalberca
Culopollo
Culotrapo
Curmaco
DESABORIO
DESCALZAPUTAS
DESCASTAT
DESCEREBRADO
DESCOSEALPARGATAS
DESGARRACALZAS
DESGRACIA
DESGRACIADA
DESGRACIADO
DESGRACIAO
DESPRECIABLE
DESTIÑE RUBIAS
DESVARATA BAILES
DESVIRGAGALLINES
DON NADIE
DONDIEGO
DONNADIE
DOWN
DURDO
Desaborio
Descalzaputas
Descastat
Descerebrado
Descosealpargatas
Desgarracalzas
Desgracia
Desgraciada
Desgraciado
Desgraciao
Despreciable
Destiñe rubias
Desvarata bailes
Desvirgagallines
Don nadie
Dondiego
Donnadie
Down
Durdo
ECHACANTOS
EJARRAMANTAS
EMPAELLAO
EMPANA
EMPANAO
EMPUJAMIERDA
EN GARROVILLAS
ENDEREZAPLÁTANOS
ENERGUMENA
ENERGUMENO
ENERGÚMENA
ENERGÚMENO
ENGAÑA BALDOSAS
ENGENDRO
ENJUTO
ENNORTAO
ENRREDA BAILES
ENZE
ESBARATABAILES
ESCOLIMOSO
ESCORIA
ESCORNACABRAS
ESCUERZO
ESCUINCLE
ESGARRAMANTAS
ESJARRAMANTAS
ESMIRRIAO
ESPANTACRIATURES
ESPANTAJO
ESPANYAPORTES
ESPERPENTO
ESTAS COMO UN MANOJO DE VERGAS
ESTORBO
ESTRIPA GASONES
ESTULTO
ESTUPIDA
ESTUPIDO
ESTÒTIL
ESTÚPIDA
ESTÚPIDO
EUNUCO
EXELOL
Echacantos
Ejarramantas
Empaellao
Empana
Empanao
Empujamierda
En Garrovillas
Enderezaplátanos
Energumena
Energumeno
Energúmena
Energúmeno
Engaña baldosas
Engendro
Enjuto
Ennortao
Enrreda bailes
Enze
Esbaratabailes
Escolimoso
Escoria
Escornacabras
Escuerzo
Escuincle
Esgarramantas
Esjarramantas
Esmirriao
Espantacriatures
Espantajo
Espanyaportes
Esperpento
Estas como un manojo de vergas
Estorbo
Estripa gasones
Estulto
Estupida
Estupido
Estòtil
Estúpida
Estúpido
Eunuco
Exelol
FACHA
FACINEROSA
FACINEROSO
FAINO TI LANJRAN
FALFAÑOTE
FANEGAS
FANEQUERO
FANFOSQUERO
FANICERÓS
FANTOCHE
FARFOYA
FARISEO
FARRAGUAS
FARSANTE
FATO
FAZAÑEIRO
FEA
FEMINAZI
FEO
FEODOBLE
FERVEMASBER
FETO
FIGA TOVA
FIGA-MOLLA
FIGAFLOR
FIGAMUSTIA
FILIMINCIAS
FILL DE MONJA
FITIGOTE
FOLIGOSO
FOLLACABRAS
FOLLAGATOS
FOLLÁCAROS
FORROTIMPLE
FULASTRE
FUNE
FUNESTO
FUTRUL
Facha
Facinerosa
Facineroso
Faino ti lanjran
Falfañote
Fanegas
Fanequero
Fanfosquero
Fanicerós
Fantoche
Farfoya
Fariseo
Farraguas
Farsante
Fato
Fazañeiro
Fea
Feminazi
Feo
Feodoble
Fervemasber
Feto
Figa tova
Figa-molla
Figaflor
Figamustia
Filimincias
Fill de monja
Fitigote
Foligoso
Follacabras
Follagatos
Follácaros
Forrotimple
Fulastre
Fune
Funesto
Futrul
GABACHO
GALLIMARSOT
GALOCHO
GAMARÚS
GANAPIO
GANAPÁN
GANDUL
GANDULA
GANDÚL
GANSA
GANSO
GARIBOLO
GARRAIBAT
GARROSO
GARRULO
GAZNAPIRO
GAZNÁPIRO
GAÑAN
GAÑÁN
GILI
GILICOÑO
GILIPICHI
GILIPICHIS
GILIPIPAS
GILIPOLLAS
GILIPUERTA
GILIPUERTAS
GIRAESQUINAS
GOLISMERO
GONORREA
GORDINFLÓN
GORDO
GORRINO
GORRUMINO
GRA DE PUS
GRANUJA
GROSERA
GROSERO
GUARNÍO
GUARRAL
GUARRILLA
GUITARRO
GUMIAS
GURMACO
GURRIATO
GUSANO
Gabacho
Gallimarsot
Galocho
Gamarús
Ganapio
Ganapán
Gandul
Gandula
Gandúl
Gansa
Ganso
Garibolo
Garraibat
Garroso
Garrulo
Gaznapiro
Gaznápiro
Gañan
Gañán
Gili
Gilicoño
Gilipichi
Gilipichis
Gilipipas
Gilipollas
Gilipuerta
Gilipuertas
Giraesquinas
Golismero
Gonorrea
Gordinflón
Gordo
Gorrino
Gorrumino
Gra de pus
Granuja
Grosera
Grosero
Guarnío
Guarral
Guarrilla
Guitarro
Gumias
Gurmaco
Gurriato
Gusano
HABAHELÁ
HARTOSOPA
HARTOSOPAS
HDP
HIJO D PUTA
HIJO DE
HIJO DE CHACAL
HIJO DE CURA
HIJO DE HIENA
HIJO DE OBISPO
HIJUEPUTA
HILH DE GAUDUMELA
HORRIPILANTE
HUELEBRAGAS
HUELEGATERAS
HUEVON
HUEVÓN
Habahelá
Hartosopa
Hartosopas
Hdp
Hijo d puta
Hijo de
Hijo de chacal
Hijo de cura
Hijo de hiena
Hijo de obispo
Hijueputa
Hilh de gaudumela
Horripilante
Huelebragas
Huelegateras
Huevon
Huevón
IDIOTA
IGNORANTE
IMBECIL
IMBÉCIL
IMPERTINENTE
INCULTO
INELEGANTE
INFRASER
INNORTAO
INOPERANTE
INSULSO
INUTIL
INÚTIL
Idiota
Ignorante
Imbecil
Imbécil
Impertinente
Inculto
Inelegante
Infraser
Innortao
Inoperante
Insulso
Inutil
Inútil
JARTIBLE
JODIDO
JULAI
Jartible
Jodido
Julai
LACAZAN
LADILLA
LAGUMÁN
LAMECHARCOS
LAMECIRIOS
LAMECULOS
LAMEHUEVOS
LAMEPLATOS
LAMERAJAS
LAMEÑORDOS
LANGRAN
LANGRÁN
LAPA
LARETA
LARRY
LECHUGUINO
LECHUZO
LELA
LELO
LENTO
LERCHO
LERDA
LERDO
LETRÍN
LIGERA DE CASCOS
LIGERO DE CASCOS
LLEPAFILS
LLIMPIATUBOS
LLORAMIGAS
LONGANIZAS
LUMBRERAS
LUMIA
Lacazan
Ladilla
Lagumán
Lamecharcos
Lamecirios
Lameculos
Lamehuevos
Lameplatos
Lamerajas
Lameñordos
Langran
Langrán
Lapa
Lareta
Larry
Lechuguino
Lechuzo
Lela
Lelo
Lento
Lercho
Lerda
Lerdo
Letrín
Ligera de cascos
Ligero de cascos
Llepafils
Llimpiatubos
Lloramigas
Longanizas
Lumbreras
Lumia
MACHIRULO
MACHORRA
MACHOTE
MACHUNO
MAGANTO
MAHARA
MAHARETA
MAJADERO
MAJARÓN
MAL PELAT
MALAFOYA
MALANDRA
MALANDRIN
MALASANGRE
MALASOMBRA
MALEDUCA
MALEDUCADA
MALEDUCADO
MALEDUCAO
MALFOLLADA
MALNACIDA
MALNACIDO
MALPARIDA
MALPARIDO
MAMACALLOS
MAMAHOSTIAS
MAMARRACHO
MAMELUCO
MAMON
MAMONA
MAMPORRERO
MAMÓN
MANEGUETA
MANGARRANAS
MANGARRÁN
MANGURRIAN
MANGURRIÁN
MANOS DE ARBOL
MANOS GACHAS
MANTECAS
MARGARITO
MARICÓN
MARIMACHO
MASCACHAPAS
MASCAXAPAS
MASTUERZO
MASTURBAMULOS
MASTURBAPERROS
MASTURBAVACAS
MATACANDILES
MATAO
MATAPERROS
MAZAROCO
ME CAGO EN TU MADRE
ME CAGO EN TU PADRE
ME CAGO EN TU PUTA MADRE
ME CAGO EN TU PUTO PADRE
ME CAGO EN TUS MUERTOS
MEAPILAS
MEDIA MIERDA
MEKETREFE
MELINDRÓS
MELONA
MELÓN
MEMA
MEMBRILLO
MEMO
MENDRUGO
MENTECATO
MEQUETREFE
MERDA
MERDA D'OCA
MERDA SECA
MERDASECA
MERDELLÓN
MERLUZO
METEMUERTOS
METIJACO
MEUCA
MICROBI
MIERDA
MIERDASECA
MILHOMES
MINDUNDI
MITJAMERDA
MODORRO
MOFETA
MOJIGATO
MONCHI
MONDONGO
MONIATO
MONIGOTE DE FERIA
MONSTRENCO
MONSTRUENCO
MONTE DE ESTERCO
MORLACO
MORRAL
MORROESCOPETA
MORROESFINGE
MORROESTUFA
MORROFIEMO
MORROPERCA
MORROPUTA
MORROS DE HABA
MUERDEALMOHADAS
MUERDESARTENES
MUGGLE
MUGROSA
MUGROSO
Machirulo
Machorra
Machote
Machuno
Maganto
Mahara
Mahareta
Majadero
Majarón
Mal pelat
Malafoya
Malandra
Malandrin
Malasangre
Malasombra
Maleduca
Maleducada
Maleducado
Maleducao
Malfollada
Malnacida
Malnacido
Malparida
Malparido
Mamacallos
Mamahostias
Mamarracho
Mameluco
Mamon
Mamona
Mamporrero
Mamón
Manegueta
Mangarranas
Mangarrán
Mangurrian
Mangurrián
Manos Gachas
Manos de arbol
Mantecas
Margarito
Maricón
Marimacho
Mascachapas
Mascaxapas
Mastuerzo
Masturbamulos
Masturbaperros
Masturbavacas
Matacandiles
Matao
Mataperros
Mazaroco
Me cago en tu madre
Me cago en tu padre
Me cago en tu puta madre
Me cago en tu puto padre
Me cago en tus muertos
Meapilas
Media mierda
Meketrefe
Melindrós
Melona
Melón
Mema
Membrillo
Memo
Mendrugo
Mentecato
Mequetrefe
Merda
Merda d'oca
Merda seca
Merdaseca
Merdellón
Merluzo
Metemuertos
Metijaco
Meuca
Microbi
Mierda
Mierdaseca
Milhomes
Mindundi
Mitjamerda
Modorro
Mofeta
Mojigato
Monchi
Mondongo
Moniato
Monigote de feria
Monstrenco
Monstruenco
Monte de esterco
Morlaco
Morral
Morroescopeta
Morroesfinge
Morroestufa
Morrofiemo
Morroperca
Morroputa
Morros de haba
Muerdealmohadas
Muerdesartenes
Muggle
Mugrosa
Mugroso
NAPBUF
NECIA
NECIO
NIÑATO
NOTAS
NUGALLAN
Napbuf
Necia
Necio
Niñato
Notas
Nugallan
OLIGOFRENICO
OLIGOFRÉNICO
OLLOSDEBOTO
ORATE
OSOBUCO
OTACO
OTAKO
OTAKU
OTAKUS
OVEJO
Oligofrenico
Oligofrénico
Ollosdeboto
Orate
Osobuco
Otaco
Otako
Otaku
Otakus
Ovejo
PACHÓN
PAGAFANTAS
PAIASO
PAILÁN
PAJERA
PAJERO
PALOTRASTO
PALURDA
PALURDO
PAMBISITA
PAMBISITO
PAMPLINAS
PANARRA
PANECO
PANFIGOL
PANOJAS
PANOLI
PANTO
PANZAMELVA
PAPAFRITA
PAPAFRITAS
PAPAGAYO
PAPAHOSTIAS
PAPAMOSCAS
PAPANATAS
PAPIROTE
PAPOSO
PAPÓN
PAQUETE
PARDAL
PARDILLA
PARDILLO
PARGUELA
PARGUELAS
PARIA
PARVO
PASIEGO
PASMAROTE
PASMASUEGRAS
PASPAN
PASPON
PASPÁN
PASPÓN
PASSARELL
PASTANAGA
PATACROCKER
PATALIEBRE
PATAN
PATASDEALAMBRE
PATETICA
PATETICO
PATÁN
PATÉTICA
PATÉTICO
PAVISOSA
PAVISOSO
PAVITONTO
PAYASA
PAYASO
PAZGUATO
PAZIN
PEC DES COLLONS
PECHOLATA
PECHOPERTIGA
PECHUGONA
PEDORRO
PEINABOMBILLAS
PEINABURRAS
PEINAOBEJAS
PEINAOVEJAS
PEINAPOCHAS
PELABOMBILLAS
PELACANTES
PELACAÑAS
PELAGALLOS
PELAGAMBAS
PELAGATOS
PELALIMONES
PELAMANGOS
PELANAS
PELANDRUSCA
PELARRABOS
PELATIGRES
PELAZARZAS
PELELE
PELLIZCACRISTALES
PELMA
PELMAZO
PELO ESTROPAJO
PELOTUDO
PENDEJO
PERCEBE
PEREPUNYETES
PERROCOSTRA
PERROFLAUTA
PERSONAJULLO
PESCALLUNES
PETERETE
PETIMETRE
PICAPLEITOS
PICHABRAVA
PICHACORTA
PICHÓNACO
PILLAVISPAS
PILTRAFA
PILTRAFAS
PILTRAFILLAS
PIMPOYO
PIMPÍN
PINCHACOLILLAS
PINCHAUVAS
PINCHE
PINFLOID
PINTAMONAS
PIOJOSO
PIPA
PIPILLA
PIPIOLO
PIRIPI
PISAMOSTOH
PISAPEDALES
PISAVERDE
PITAÑOSO
PITOFLORO
PITUFO
PIXAPINS
PIXATINTERS
PIXORRO
PLASTA
PLOMO
PLORAMIQUES
PLUMIFERO
POC SUC
POCASLUCES
POCASOLTA
POLLA
POLLABOBA
POLLOPERA
POMOT
POPONA
PORTUGUES
PREA
PREGONAO
PRINGAZORRAS
PROSMA
PSIFÍLICO
PUDRECOLCHONES
PUSILANIME
PUSILÁNIME
PUTA
PUTAPÉNICO
PUTOS
PUTOT
Pachón
Pagafantas
Paiaso
Pailán
Pajera
Pajero
Palotrasto
Palurda
Palurdo
Pambisita
Pambisito
Pamplinas
Panarra
Paneco
Panfigol
Panojas
Panoli
Panto
Panzamelva
Papafrita
Papafritas
Papagayo
Papahostias
Papamoscas
Papanatas
Papirote
Paposo
Papón
Paquete
Pardal
Pardilla
Pardillo
Parguela
Parguelas
Paria
Parvo
Pasiego
Pasmarote
Pasmasuegras
Paspan
Paspon
Paspán
Paspón
Passarell
Pastanaga
Patacrocker
Pataliebre
Patan
Patasdealambre
Patetica
Patetico
Patán
Patética
Patético
Pavisosa
Pavisoso
Pavitonto
Payasa
Payaso
Pazguato
Pazin
Pec des collons
Pecholata
Pechopertiga
Pechugona
Pedorro
Peinabombillas
Peinaburras
Peinaobejas
Peinaovejas
Peinapochas
Pelabombillas
Pelacantes
Pelacañas
Pelagallos
Pelagambas
Pelagatos
Pelalimones
Pelamangos
Pelanas
Pelandrusca
Pelarrabos
Pelatigres
Pelazarzas
Pelele
Pellizcacristales
Pelma
Pelmazo
Pelo estropajo
Pelotudo
Pendejo
Percebe
Perepunyetes
Perrocostra
Perroflauta
Personajullo
Pescallunes
Peterete
Petimetre
Picapleitos
Pichabrava
Pichacorta
Pichónaco
Pillavispas
Piltrafa
Piltrafas
Piltrafillas
Pimpoyo
Pimpín
Pinchacolillas
Pinchauvas
Pinche
Pinfloid
Pintamonas
Piojoso
Pipa
Pipilla
Pipiolo
Piripi
Pisamostoh
Pisapedales
Pisaverde
Pitañoso
Pitofloro
Pitufo
Pixapins
Pixatinters
Pixorro
Plasta
Plomo
Ploramiques
Plumifero
Poc suc
Pocasluces
Pocasolta
Pollaboba
Pollopera
Pomot
Popona
Portugues
Prea
Pregonao
Pringazorras
Prosma
Psifílico
Pudrecolchones
Pusilanime
Pusilánime
Puta
Putapénico
Putos
Putot
PÁNFILO
PÒTOL
PÓFARO
Pánfilo
Pòtol
Pófaro
QUITAHIPOS
Quitahipos
RABO
RASTRAPAJO
RATA
REBAÑASANDÍAS
REMENACACAS
REMENDAFOLES
REPELENTE
RETARDED
RETRASADO
RETRASUBNORMAL
RETROPETUDA
REVIENTABAULES
ROBAPERAS
RUCIO
RUDA
RUDO
RUFÍAN
RUINA
Rabo
Rastrapajo
Rata
Rebañasandías
Remenacacas
Remendafoles
Repelente
Retarded
Retrasado
Retrasubnormal
Retropetuda
Revientabaules
Robaperas
Rucio
Ruda
Rudo
Rufían
Ruina
RÍELECHES
Ríeleches
SABANDIJA
SABORIO
SACAMUELAS
SALTACEQUIAS
SALTINBANQUIS
SAMARUGO
SAMUGO
SANDALIO
SANGONERA
SANGRE SUCIA
SANGUIJUELA
SANTURRON
SANTURRONA
SANTURRÓN
SARNOSO
SEBOSO
SIETEMESINO
SINENTRAERO
SINSORGO
SINSUSTANCIA
SOMUGROSO
SOMÈR
SONAJAS
SONSO
SOPLAGAITAS
SOPLAGUINDAS
SOPLANUCAS
SOPLASARTENES
SOSCO
SOZAGARRO
SUBNORMAL
SUBNORMALA
SUBNORMALO
SUBNORPOLLAS
SUNORMAL
Sabandija
Saborio
Sacamuelas
Saltacequias
Saltinbanquis
Samarugo
Samugo
Sandalio
Sangonera
Sangre sucia
Sanguijuela
Santurron
Santurrona
Santurrón
Sarnoso
Seboso
Sietemesino
Sinentraero
Sinsorgo
Sinsustancia
Somugroso
Somèr
Sonajas
Sonso
Soplagaitas
Soplaguindas
Soplanucas
Soplasartenes
Sosco
Sozagarro
Subnormal
Subnormala
Subnormalo
Subnorpollas
Sunormal
TACAÑO
TAGAROTE
TAP DE SURO
TAPÓN DE BALSA
TARADO
TARAMBANA
TARANTANTAN
TARUGA
TARUGO
TARUMBA
TASTAOLLETES
TE HUELE LA ESPALDA A BARON DANDI
TIRALEVITAS
TITA FREDA
TITAFLUIXA
TITAFREDA
TOCAPELOTAS
TOCHO
TOLAI
TOLETE
TONTA
TONTACO
TONTO
TONTO DELS COLLONS
TONTOCULO
TONTOELCULO
TONTOL'LAPIZ
TONTOLABA
TONTOLAVA
TONTOLCULO
TONTOLHABA
TONTOLIGO
TONTOLOSCOJONES
TONTOPOLLA
TONTOPROFUNDO
TONTUCIO
TORDO
TORRA COLLONS
TORRACOLLONS
TOTANO
TRAGABALDAS
TRAGALDABAS
TRAGALEFAS
TRAGALPACAS
TRAMPUZAS
TRASTO
TREPA
TRESNAL
TREZNAL
TROGLODITA
TROMPELLOT
TRONCHOBREZO
TRONXAMONAS
TROS D'ASE
TROS DE CUONIEM
TROS DE MULA
TROS DE PUTA
TROS DE QUÒNIAM
TUERCEBOTAS
TUNANTE
TURCO
Tacaño
Tagarote
Tap de suro
Tapón de balsa
Tarado
Tarambana
Tarantantan
Taruga
Tarugo
Tarumba
Tastaolletes
Te huele la espalda a baron dandi
Tiralevitas
Tita freda
Titafluixa
Titafreda
Tocapelotas
Tocho
Tolai
Tolete
Tonta
Tontaco
Tonto
Tonto dels collons
Tontoculo
Tontoelculo
Tontol'lapiz
Tontolaba
Tontolava
Tontolculo
Tontolhaba
Tontoligo
Tontoloscojones
Tontopolla
Tontoprofundo
Tontucio
Tordo
Torra collons
Torracollons
Totano
Tragabaldas
Tragaldabas
Tragalefas
Tragalpacas
Trampuzas
Trasto
Trepa
Tresnal
Treznal
Troglodita
Trompellot
Tronchobrezo
Tronxamonas
Tros d'ase
Tros de cuoniem
Tros de mula
Tros de puta
Tros de quòniam
Tuercebotas
Tunante
Turco
TÍO PLOM
TÒTIL
Tío plom
Tòtil
VANDALO
VENDEHUMOS
VERGA
VIDROID
VIGARDO
VOTANTE DEL PP
VUELCALITROS
Vandalo
Vendehumos
Verga
Vidroid
Vigardo
Votante del PP
Vuelcalitros
VÁNDALO
Vándalo
XAFANDINO
XAFARDER
XAFAXARCOS
XARRUPAESCROTS
XINGAFLAUTAS
XISGARABIS
XUPAXARCOS
Xafandino
Xafarder
Xafaxarcos
Xarrupaescrots
Xingaflautas
Xisgarabis
Xupaxarcos
YANFLAMEJA
YARO
YIYON
Yanflameja
Yaro
Yiyon
ZABORRERO
ZAFIO
ZALAPASTRÁN
ZAMACUCO
ZAMARRACO
ZAMARRO
ZAMBERGO
ZAMBOMBO
ZAMPABOLLOS
ZAMUGO
ZANAHORIO
ZANGANO
ZANGÜANGO
ZANGÜÁNGANO
ZARANDAJO
ZARRAPASTROSA
ZARRAPASTROSO
ZARRIO
ZASCANDIL
ZOPENCO
ZOQUETE
ZORNICALO
ZORRA
ZOTE
ZULLENCO
ZUMAYO
ZUMBADO
ZUMBAO
ZURCEFRENILLOS
ZURCEMIERDAS
ZURMACO
ZURREMIERDAS
Zaborrero
Zafio
Zalapastrán
Zamacuco
Zamarraco
Zamarro
Zambergo
Zambombo
Zampabollos
Zamugo
Zanahorio
Zangano
Zangüango
Zangüángano
Zarandajo
Zarrapastrosa
Zarrapastroso
Zarrio
Zascandil
Zopenco
Zoquete
Zornicalo
Zorra
Zote
Zullenco
Zumayo
Zumbado
Zumbao
Zurcefrenillos
Zurcemierdas
Zurmaco
Zurremierdas
ZÁNGANO
Zángano
abadol
abanto
abejarruca
abejarruco
aberracion
aberración
aberrante
ablanda brevas
abollao
aborto
abrazafarolas
abrillantaglandes
abulto
adufe
adán
afilasables
aguafiestas
alacrán
alcachofo
alcornoke
alcornoque
alela
alelada
alelado
alelao
alfeñique
alicate
alimaña
almojonao
almorrana
alobao
alsarrabo
ambercocat
amochao
amorfo
anacoluto
analfabestia
andurriasmo
animal de acequia
anormal
antancanciao
apollardao
apollardar
aragán
arracacho
arrastracueros
arrastramantas
arrastrazapatillas
arreplegat
arrollapasto
artabán
artosopas
asalta asilos
asaltacunas
asaltapozos
ase assolellat
aspamao
asustatrenes
atarre
atonta
atontada
atontado
atontao
atroplella platos
baballo
babau
baboso
bacin
bacterio
badanas
bailabainas
bailaferias
bajoca
bambol
bandarra
barjaula
barrabás
barriobajero
bastarda
bastardo
bebecharcos
bebesinsed
bellaco
belloto
bergante
berzotas
besugo
betzol
bigardo
bigotezorra
biruta
bleda
boba
bobalicón
bobo
bobolaverga
bobomierda
boborremoto
bocabuzón
bocachancla
bocachocho
bocafiemo
bocallanta
boiano
bolascombro
boludo
boquimuelle
bordegàs
borinot
borracha
borracho
borrico
bosses tristes
bosuso
botabancals
botarate
boñiga
brasas
brincacepas
brètol
bufavidres
bujarra
bujarron
bujarrón
bulebule
burreras
burro de set soles
burxa orelles
busagre
buscabregues
butarut
butrill
buzefalo
cabestro
cabeza alberca
cabeza de chorlito
cabezaalberca
cabezabuque
cabezakiko
cabezalpaca
cabezantorcha
cabezarrucho
cabezon
cabezón
cabron
cabrona
cabronazo
cabrón
cachibache
cacho mierda
cachomierda
cade de fava
cafre
caga bandurrias
cagablando
cagadubtes
cagaestacas
cagalindes
cagamandurries
cagamandúrries
caganio
cagapoc
cagaportales
cagarro
cagarruta
cagarrutas
caguiñas
caharrán
calambuco
calamidad
caldúo
calenturas
calientahielos
calvo
calzamonas
calzonazos
camanduleiro
camastron
canalla
candonga
cansa almas
cansaliebres
cansalmas
cansina
cansino
cantamañanas
cap d'ase
cap de fava
cap de polla
cap de ruc
cap de suro
capat mental
capdepesol
capdetrons
capillita
capsigrany
capsot
capulla
capullo
capuyo
cara de cona
carabassa
caracaballo
caracabello
caracandao
caracartón
carachancla
caracoño
caracul
caraculo
caraespatula
caraestaca
caraestufa
caraflema
carahogaza
carajaula
carajote
carallot
caramierda
caramirlo
caranabo
carantigua
carapan
carapapa
carapena
caraperro
carapijo
carapolla
caraputa
carasapo
carasuela
caratapena
cardat del cap
carnuz
cascavalero
castroja
cateto
cavallot
caxomierda
cazurra
cazurro
cebollino
cenizo
cenutrio
ceporro
cercho
cercopiteco
cerillita
cernícalo
cero a la izquierda
chafacharcos
chafalotodo
chalada
chalado
chalao
chamba na cona
chanflameja
charrán
chavacana
chavacano
chavea
cheo de moscas
chichon
chimpa
chimpajosé
chimpamonas
chimpin
chingada
chiquilicuatre
chirimbaina
chorlito
chosco
chupacables
chupacharcos
chupaescrotos
chupamela
chupamingas
chupasangre
chupatintas
chupóptero
chusmón
cierrabares
ciervo
cimborrio
cipote
cobachero
cobarde
coentrao
coix de cervell
colla de feixistes
collo
collonera
comebolsas
comechapas
comeflores
comemierda
comemierdas
comemocos
comepollas
comeprepucios
comerreglas
comestacas
conacho
corgao
cornudo
correveidile
coño
cretina
cretino
crollo
cuerdalpaca
cuerpoescombro
cui de caronge
culo
culo panadera
culoalberca
culopollo
culotrapo
curmaco
desaborio
descalzaputas
descastat
descerebrado
descosealpargatas
desgarracalzas
desgracia
desgraciada
desgraciado
desgraciao
despreciable
destiñe rubias
desvarata bailes
desvirgagallines
don nadie
dondiego
donnadie
down
durdo
echacantos
ejarramantas
empaellao
empana
empanao
empujamierda
en garrovillas
enderezaplátanos
energumena
energumeno
energúmena
energúmeno
engaña baldosas
engendro
enjuto
ennortao
enrreda bailes
enze
esbaratabailes
escolimoso
escoria
escornacabras
escuerzo
escuincle
esgarramantas
esjarramantas
esmirriao
espantacriatures
espantajo
espanyaportes
esperpento
estas como un manojo de vergas
estorbo
estripa gasones
estulto
estupida
estupido
estòtil
estúpida
estúpido
eunuco
exelol
facha
facinerosa
facineroso
faino ti lanjran
falfañote
fanegas
fanequero
fanfosquero
fanicerós
fantoche
farfoya
fariseo
farraguas
farsante
fato
fazañeiro
fea
feminazi
feo
feodoble
fervemasber
feto
figa tova
figa-molla
figaflor
figamustia
filimincias
fill de monja
fitigote
foligoso
follacabras
follagatos
follácaros
forrotimple
fulastre
fune
funesto
futrul
gabacho
gallimarsot
galocho
gamarús
ganapio
ganapán
gandul
gandula
gandúl
gansa
ganso
garibolo
garraibat
garroso
garrulo
gaznapiro
gaznápiro
gañan
gañán
gili
gilicoño
gilipichi
gilipichis
gilipipas
gilipollas
gilipuerta
gilipuertas
giraesquinas
golismero
gonorrea
gordinflón
gordo
gorrino
gorrumino
gra de pus
granuja
grosera
grosero
guarnío
guarral
guarrilla
guitarro
gumias
gurmaco
gurriato
gusano
habahelá
hartosopa
hartosopas
hdp
hijo d puta
hijo de
hijo de chacal
hijo de cura
hijo de hiena
hijo de obispo
hijueputa
hilh de gaudumela
horripilante
huelebragas
huelegateras
huevon
huevón
idiota
ignorante
imbecil
imbécil
impertinente
inculto
inelegante
infraser
innortao
inoperante
insulso
inutil
inútil
jartible
jodido
julai
lacazan
ladilla
lagumán
lamecharcos
lamecirios
lameculos
lamehuevos
lameplatos
lamerajas
lameñordos
langran
langrán
lapa
lareta
larry
lechuguino
lechuzo
lela
lelo
lento
lercho
lerda
lerdo
letrín
ligera de cascos
ligero de cascos
llepafils
llimpiatubos
lloramigas
longanizas
lumbreras
lumia
machirulo
machorra
machote
machuno
maganto
mahara
mahareta
majadero
majarón
mal pelat
malafoya
malandra
malandrin
malasangre
malasombra
maleduca
maleducada
maleducado
maleducao
malfollada
malnacida
malnacido
malparida
malparido
mamacallos
mamahostias
mamarracho
mameluco
mamon
mamona
mamporrero
mamón
manegueta
mangarranas
mangarrán
mangurrian
mangurrián
manos de arbol
manos gachas
mantecas
margarito
maricón
marimacho
mascachapas
mascaxapas
mastuerzo
masturbamulos
masturbaperros
masturbavacas
matacandiles
matao
mataperros
mazaroco
me cago en tu madre
me cago en tu padre
me cago en tu puta madre
me cago en tu puto padre
me cago en tus muertos
meapilas
media mierda
meketrefe
melindrós
melona
melón
mema
membrillo
memo
mendrugo
mentecato
mequetrefe
merda
merda d'oca
merda seca
merdaseca
merdellón
merluzo
metemuertos
metijaco
meuca
microbi
mierda
mierdaseca
milhomes
mindundi
mitjamerda
modorro
mofeta
mojigato
monchi
mondongo
moniato
monigote de feria
monstrenco
monstruenco
monte de esterco
morlaco
morral
morroescopeta
morroesfinge
morroestufa
morrofiemo
morroperca
morroputa
morros de haba
muerdealmohadas
muerdesartenes
muggle
mugrosa
mugroso
napbuf
necia
necio
niñato
notas
nugallan
oligofrenico
oligofrénico
ollosdeboto
orate
osobuco
otaco
otako
otaku
otakus
ovejo
pachón
pagafantas
paiaso
pailán
pajera
pajero
palotrasto
palurda
palurdo
pambisita
pambisito
pamplinas
panarra
paneco
panfigol
panojas
panoli
panto
panzamelva
papafrita
papafritas
papagayo
papahostias
papamoscas
papanatas
papirote
paposo
papón
paquete
pardal
pardilla
pardillo
parguela
parguelas
paria
parvo
pasiego
pasmarote
pasmasuegras
paspan
paspon
paspán
paspón
passarell
pastanaga
patacrocker
pataliebre
patan
patasdealambre
patetica
patetico
patán
patética
patético
pavisosa
pavisoso
pavitonto
payasa
payaso
pazguato
pazin
pec des collons
pecholata
pechopertiga
pechugona
pedorro
peinabombillas
peinaburras
peinaobejas
peinaovejas
peinapochas
pelabombillas
pelacantes
pelacañas
pelagallos
pelagambas
pelagatos
pelalimones
pelamangos
pelanas
pelandrusca
pelarrabos
pelatigres
pelazarzas
pelele
pellizcacristales
pelma
pelmazo
pelo estropajo
pelotudo
pendejo
percebe
perepunyetes
perrocostra
perroflauta
personajullo
pescallunes
peterete
petimetre
picapleitos
pichabrava
pichacorta
pichónaco
pillavispas
piltrafa
piltrafas
piltrafillas
pimpoyo
pimpín
pinchacolillas
pinchauvas
pinche
pinfloid
pintamonas
piojoso
pipa
pipilla
pipiolo
piripi
pisamostoh
pisapedales
pisaverde
pitañoso
pitofloro
pitufo
pixapins
pixatinters
pixorro
plasta
plomo
ploramiques
plumifero
poc suc
pocasluces
pocasolta
polla
pollaboba
pollopera
pomot
popona
portugues
prea
pregonao
pringazorras
prosma
psifílico
pudrecolchones
pusilanime
pusilánime
puta
putapénico
putos
putot
pánfilo
pòtol
pófaro
quitahipos
rabo
rastrapajo
rata
rebañasandías
remenacacas
remendafoles
repelente
retarded
retrasado
retrasubnormal
retropetuda
revientabaules
robaperas
rucio
ruda
rudo
rufían
ruina
ríeleches
sabandija
saborio
sacamuelas
saltacequias
saltinbanquis
samarugo
samugo
sandalio
sangonera
sangre sucia
sanguijuela
santurron
santurrona
santurrón
sarnoso
seboso
sietemesino
sinentraero
sinsorgo
sinsustancia
somugroso
somèr
sonajas
sonso
soplagaitas
soplaguindas
soplanucas
soplasartenes
sosco
sozagarro
subnormal
subnormala
subnormalo
subnorpollas
sunormal
tacaño
tagarote
tap de suro
tapón de balsa
tarado
tarambana
tarantantan
taruga
tarugo
tarumba
tastaolletes
te huele la espalda a baron dandi
tiralevitas
tita freda
titafluixa
titafreda
tocapelotas
tocho
tolai
tolete
tonta
tontaco
tonto
tonto dels collons
tontoculo
tontoelculo
tontol'lapiz
tontolaba
tontolava
tontolculo
tontolhaba
tontoligo
tontoloscojones
tontopolla
tontoprofundo
tontucio
tordo
torra collons
torracollons
totano
tragabaldas
tragaldabas
tragalefas
tragalpacas
trampuzas
trasto
trepa
tresnal
treznal
troglodita
trompellot
tronchobrezo
tronxamonas
tros d'ase
tros de cuoniem
tros de mula
tros de puta
tros de quòniam
tuercebotas
tunante
turco
tío plom
tòtil
vandalo
vendehumos
verga
vidroid
vigardo
votante del pp
vuelcalitros
vándalo
xafandino
xafarder
xafaxarcos
xarrupaescrots
xingaflautas
xisgarabis
xupaxarcos
yanflameja
yaro
yiyon
zaborrero
zafio
zalapastrán
zamacuco
zamarraco
zamarro
zambergo
zambombo
zampabollos
zamugo
zanahorio
zangano
zangüango
zangüángano
zarandajo
zarrapastrosa
zarrapastroso
zarrio
zascandil
zopenco
zoquete
zornicalo
zorra
zote
zullenco
zumayo
zumbado
zumbao
zurcefrenillos
zurcemierdas
zurmaco
zurremierdas
zángano
pene
PENE
caranchoa
CARANCHOA
hijo de puta
HIJO DE PUTA
hijoputa
HIJOPUTA
hijo puta
HIJO PUTA
joputa
JOPUTA
fuck
fuck you
shit
dick
FUCK
SHIT
