Coca-Cola
Coca-cola
CocaCola
Coca Cola
coca cola
coca-cola
cocacola
Cocacola

Coca-Colas
Coca-colas
CocaColas
Coca Colas
coca colas
coca-colas
cocacolas
Cocacolas

Coca-Cola light
Coca-cola light
CocaCola light
Coca Cola light
coca cola light
coca-cola light
cocacola light

Coca-Cola zero
Coca-cola zero
CocaCola zero
Coca Cola zero
coca cola zero
coca-cola zero
cocacola zero

fanta de naranja
fanta naranja
fanta de limon
fanta limon
fanta
fantas
fanta naranja
fanta de limón
fanta limón

nestea
Nestea
nesti
Nesti
nesty
Nesty

Cerveza
cerveza

Cerveza sin alcohol
cerveza sin alcohol

cerveza con limón
cerveza limón
cerveza con limon
cerveza limon
Cerveza con limón

Kas
kas

Sprite
sprite
spryte
Spryte
esprait
sprait