primer
primero
primera
segundo
segunda
tercero
tercera
cuarto
cuarta
quinto
quinta
sexto
sexta
séptimo
séptima
octavo
octava
Noveno
novena
décimo
décima
Undécimo
undécima
duodécimo
duodécima
decimotercero
decimotercera
decimocuarto
decimocuarta
decimoquinto
decimoquinta
decimosexto
decimosexta
decimoséptimo
decimoséptima
decimoctavo
decimooctava
decimonoveno
decimonovena
vigésimo
vigésima
vigésimo primero
vigésimo segundo
vigésimo tercero
vigésimo cuarto
vigésimo quinto
vigésimo sexto
vigésimo séptimo
vigésimo octavo
vigésimo noveno
vigésimo primera
vigésimo segunda
vigésimo tercera
vigésimo cuarta
vigésimo quinta
vigésimo sexta
vigésimo séptima
vigésimo octava
vigésimo novena
trigésimo
trigésima
cuadragésimo
cuadragésima
quincuagésimo
quincuagésima
sexagésimo
sexagésima
septuagésimo
septuagésima
octogésimo
octogésima
nonagésimo
nonagésima
centésimo
centésima
