6C
8C
8C Competizione
33
33 Stradale
75
90
145
146
147
155
156
159
164
166
1750
1900
2000
2600
Alfasud
Alfetta
Arna
Brera
Dauphine
GT
GTV
Giulia
Giulietta
Montreal
Spider
Sprint
SZ/RZ
Alfa Romeo 6C
Alfa Romeo 8C
Alfa Romeo 8C Competizione
Alfa Romeo 33
Alfa Romeo 33 Stradale
Alfa Romeo 75
Alfa Romeo 90
Alfa Romeo 145
Alfa Romeo 146
Alfa Romeo 147
Alfa Romeo 155
Alfa Romeo 156
Alfa Romeo 159
Alfa Romeo 164
Alfa Romeo 166
Alfa Romeo 1750
Alfa Romeo 1900
Alfa Romeo 2000
Alfa Romeo 2600
Alfa Romeo Alfasud
Alfa Romeo Alfetta
Alfa Romeo Arna
Alfa Romeo Brera
Alfa Romeo Dauphine
Alfa Romeo GT
Alfa Romeo GTV
Alfa Romeo Giulia
Alfa Romeo Giulietta
Alfa Romeo Montreal
Alfa Romeo Spider
Alfa Romeo Sprint
Alfa Romeo SZ/RZ
