acantilado
aeropuerto
albufera
alcazaba
alcázar
aldea
anillo
archipiélago
arroyo
asteroide
astro
atalaya
autopista
avenida
av
av.
bahía
barranco
barriada
barrio
bosque
boulevard
blvd.
blvd
cabo
cadena
calle
callejón
canal
cantera
cantón
cañón
carretera
casa
caserío
castillo
catarata
catedral
central
cerro
cima
circo
circuito
ciudad
club
colina
comarca
cometa
comunidad
condado
confederación
cordillera
cueva
delta
depresión
desembocadura
desfiladero
desierto
distrito
edificio
embalse
emirato
emplazamiento
ensenada
estación
estado
estanque
estrella
estudio
federación
fiordo
galería
glaciar
golfo
gruta
iglesia
isla
jardín
jungla
lago
llano
localidad
lugar
mar
marisma
meandro
meseta
mezquita
mina
mirador
montaña
monte
monumento
municipio
oasis
océano
oficina
oleoducto
pabellón
país
palacete
palacio
pantano
parque
parque_nacional
parque_natural
partido_judicial
pasaje
paseo
periférico
pico
planeta
planicie
plataforma
plaza
plazoleta
plazuela
poblado
presa
principado
provincia
puebla
pueblo
puente
puerto
puerto_deportivo
puerto_mercantil
puerto_olímpico
puerto_pesquero
rada
rambla
región
reino
república
reserva
ría
ribera
río
ronda
satélite
selva
sierra
sitio
suburbio
templo
torrente
túnel
valle
viaducto
villa
volcán
yacimiento
